0 info it worked if it ends with ok
1 verbose cli [ '/usr/bin/nodejs',
1 verbose cli   '/usr/bin/npm',
1 verbose cli   'install',
1 verbose cli   '--save',
1 verbose cli   'json-tokenizer' ]
2 info using npm@3.5.2
3 info using node@v4.2.6
4 silly loadCurrentTree Starting
5 silly install loadCurrentTree
6 silly install readLocalPackageData
7 silly fetchPackageMetaData json-tokenizer
8 silly fetchNamedPackageData json-tokenizer
9 silly mapToRegistry name json-tokenizer
10 silly mapToRegistry using default registry
11 silly mapToRegistry registry https://registry.npmjs.org/
12 silly mapToRegistry uri https://registry.npmjs.org/json-tokenizer
13 verbose request uri https://registry.npmjs.org/json-tokenizer
14 verbose request no auth needed
15 info attempt registry request try #1 at 5:29:21 PM
16 verbose request id 1394533d62a660c6
17 http request GET https://registry.npmjs.org/json-tokenizer
18 http 200 https://registry.npmjs.org/json-tokenizer
19 verbose headers { server: 'nginx/1.10.1',
19 verbose headers   'content-type': 'application/json',
19 verbose headers   'last-modified': 'Tue, 01 Sep 2015 12:28:58 GMT',
19 verbose headers   etag: 'W/"55e59a0a-12f1"',
19 verbose headers   'content-encoding': 'gzip',
19 verbose headers   'cache-control': 'max-age=300',
19 verbose headers   'content-length': '1888',
19 verbose headers   'accept-ranges': 'bytes',
19 verbose headers   date: 'Sat, 15 Apr 2017 00:29:21 GMT',
19 verbose headers   via: '1.1 varnish',
19 verbose headers   age: '0',
19 verbose headers   connection: 'keep-alive',
19 verbose headers   'x-served-by': 'cache-sea1033-SEA',
19 verbose headers   'x-cache': 'MISS',
19 verbose headers   'x-cache-hits': '0',
19 verbose headers   'x-timer': 'S1492216161.305796,VS0,VE25',
19 verbose headers   vary: 'Accept-Encoding' }
20 silly get cb [ 200,
20 silly get   { server: 'nginx/1.10.1',
20 silly get     'content-type': 'application/json',
20 silly get     'last-modified': 'Tue, 01 Sep 2015 12:28:58 GMT',
20 silly get     etag: 'W/"55e59a0a-12f1"',
20 silly get     'content-encoding': 'gzip',
20 silly get     'cache-control': 'max-age=300',
20 silly get     'content-length': '1888',
20 silly get     'accept-ranges': 'bytes',
20 silly get     date: 'Sat, 15 Apr 2017 00:29:21 GMT',
20 silly get     via: '1.1 varnish',
20 silly get     age: '0',
20 silly get     connection: 'keep-alive',
20 silly get     'x-served-by': 'cache-sea1033-SEA',
20 silly get     'x-cache': 'MISS',
20 silly get     'x-cache-hits': '0',
20 silly get     'x-timer': 'S1492216161.305796,VS0,VE25',
20 silly get     vary: 'Accept-Encoding' } ]
21 verbose get saving json-tokenizer to /home/patterson/.npm/registry.npmjs.org/json-tokenizer/.cache.json
22 silly install normalizeTree
23 silly loadCurrentTree Finishing
24 silly loadIdealTree Starting
25 silly install loadIdealTree
26 silly cloneCurrentTree Starting
27 silly install cloneCurrentTreeToIdealTree
28 silly cloneCurrentTree Finishing
29 silly loadShrinkwrap Starting
30 silly install loadShrinkwrap
31 silly loadShrinkwrap Finishing
32 silly loadAllDepsIntoIdealTree Starting
33 silly install loadAllDepsIntoIdealTree
34 silly resolveWithNewModule json-tokenizer@1.0.1 checking installable status
35 silly cache add args [ 'json-tokenizer', null ]
36 verbose cache add spec json-tokenizer
37 silly cache add parsed spec Result {
37 silly cache add   raw: 'json-tokenizer',
37 silly cache add   scope: null,
37 silly cache add   name: 'json-tokenizer',
37 silly cache add   rawSpec: '',
37 silly cache add   spec: 'latest',
37 silly cache add   type: 'tag' }
38 silly addNamed json-tokenizer@latest
39 verbose addNamed "latest" is being treated as a dist-tag for json-tokenizer
40 info addNameTag [ 'json-tokenizer', 'latest' ]
41 silly mapToRegistry name json-tokenizer
42 silly mapToRegistry using default registry
43 silly mapToRegistry registry https://registry.npmjs.org/
44 silly mapToRegistry uri https://registry.npmjs.org/json-tokenizer
45 verbose addNameTag registry:https://registry.npmjs.org/json-tokenizer not in flight; fetching
46 verbose get https://registry.npmjs.org/json-tokenizer not expired, no request
47 silly addNameTag next cb for json-tokenizer with tag latest
48 silly addNamed json-tokenizer@1.0.1
49 verbose addNamed "1.0.1" is a plain semver version for json-tokenizer
50 silly mapToRegistry name json-tokenizer
51 silly mapToRegistry using default registry
52 silly mapToRegistry registry https://registry.npmjs.org/
53 silly mapToRegistry uri https://registry.npmjs.org/json-tokenizer
54 verbose addRemoteTarball https://registry.npmjs.org/json-tokenizer/-/json-tokenizer-1.0.1.tgz not in flight; adding
55 verbose addRemoteTarball [ 'https://registry.npmjs.org/json-tokenizer/-/json-tokenizer-1.0.1.tgz',
55 verbose addRemoteTarball   'c4515496cd253e92a4ae71adbf05b75dc0ecc6c9' ]
56 info retry fetch attempt 1 at 5:29:21 PM
57 info attempt registry request try #1 at 5:29:21 PM
58 http fetch GET https://registry.npmjs.org/json-tokenizer/-/json-tokenizer-1.0.1.tgz
59 http fetch 200 https://registry.npmjs.org/json-tokenizer/-/json-tokenizer-1.0.1.tgz
60 silly fetchAndShaCheck shasum c4515496cd253e92a4ae71adbf05b75dc0ecc6c9
61 verbose addTmpTarball /tmp/npm-2284-5ec9e6d8/registry.npmjs.org/json-tokenizer/-/json-tokenizer-1.0.1.tgz not in flight; adding
62 verbose addTmpTarball already have metadata; skipping unpack for json-tokenizer@1.0.1
63 silly cache afterAdd json-tokenizer@1.0.1
64 verbose afterAdd /home/patterson/.npm/json-tokenizer/1.0.1/package/package.json not in flight; writing
65 verbose afterAdd /home/patterson/.npm/json-tokenizer/1.0.1/package/package.json written
66 silly fetchNamedPackageData tokenizer
67 silly mapToRegistry name tokenizer
68 silly mapToRegistry using default registry
69 silly mapToRegistry registry https://registry.npmjs.org/
70 silly mapToRegistry uri https://registry.npmjs.org/tokenizer
71 verbose request uri https://registry.npmjs.org/tokenizer
72 verbose request no auth needed
73 info attempt registry request try #1 at 5:29:21 PM
74 http request GET https://registry.npmjs.org/tokenizer
75 http 200 https://registry.npmjs.org/tokenizer
76 verbose headers { server: 'nginx/1.4.6 (Ubuntu)',
76 verbose headers   'content-type': 'application/json',
76 verbose headers   'last-modified': 'Thu, 23 Feb 2017 05:07:15 GMT',
76 verbose headers   'content-encoding': 'gzip',
76 verbose headers   'cache-control': 'max-age=300',
76 verbose headers   'content-length': '3414',
76 verbose headers   'accept-ranges': 'bytes',
76 verbose headers   date: 'Sat, 15 Apr 2017 00:29:21 GMT',
76 verbose headers   via: '1.1 varnish',
76 verbose headers   age: '0',
76 verbose headers   connection: 'keep-alive',
76 verbose headers   'x-served-by': 'cache-sea1045-SEA',
76 verbose headers   'x-cache': 'MISS',
76 verbose headers   'x-cache-hits': '0',
76 verbose headers   'x-timer': 'S1492216162.947975,VS0,VE48',
76 verbose headers   vary: 'Accept-Encoding' }
77 silly get cb [ 200,
77 silly get   { server: 'nginx/1.4.6 (Ubuntu)',
77 silly get     'content-type': 'application/json',
77 silly get     'last-modified': 'Thu, 23 Feb 2017 05:07:15 GMT',
77 silly get     'content-encoding': 'gzip',
77 silly get     'cache-control': 'max-age=300',
77 silly get     'content-length': '3414',
77 silly get     'accept-ranges': 'bytes',
77 silly get     date: 'Sat, 15 Apr 2017 00:29:21 GMT',
77 silly get     via: '1.1 varnish',
77 silly get     age: '0',
77 silly get     connection: 'keep-alive',
77 silly get     'x-served-by': 'cache-sea1045-SEA',
77 silly get     'x-cache': 'MISS',
77 silly get     'x-cache-hits': '0',
77 silly get     'x-timer': 'S1492216162.947975,VS0,VE48',
77 silly get     vary: 'Accept-Encoding' } ]
78 verbose get saving tokenizer to /home/patterson/.npm/registry.npmjs.org/tokenizer/.cache.json
79 silly resolveWithNewModule tokenizer@1.1.2 checking installable status
80 silly cache add args [ 'tokenizer@~1.1.2', null ]
81 verbose cache add spec tokenizer@~1.1.2
82 silly cache add parsed spec Result {
82 silly cache add   raw: 'tokenizer@~1.1.2',
82 silly cache add   scope: null,
82 silly cache add   name: 'tokenizer',
82 silly cache add   rawSpec: '~1.1.2',
82 silly cache add   spec: '>=1.1.2 <1.2.0',
82 silly cache add   type: 'range' }
83 silly addNamed tokenizer@>=1.1.2 <1.2.0
84 verbose addNamed ">=1.1.2 <1.2.0" is a valid semver range for tokenizer
85 silly addNameRange { name: 'tokenizer', range: '>=1.1.2 <1.2.0', hasData: false }
86 silly mapToRegistry name tokenizer
87 silly mapToRegistry using default registry
88 silly mapToRegistry registry https://registry.npmjs.org/
89 silly mapToRegistry uri https://registry.npmjs.org/tokenizer
90 verbose addNameRange registry:https://registry.npmjs.org/tokenizer not in flight; fetching
91 verbose get https://registry.npmjs.org/tokenizer not expired, no request
92 silly addNameRange number 2 { name: 'tokenizer', range: '>=1.1.2 <1.2.0', hasData: true }
93 silly addNameRange versions [ 'tokenizer',
93 silly addNameRange   [ '0.0.1-2-g5805b9e',
93 silly addNameRange     '0.1.0',
93 silly addNameRange     '0.1.1',
93 silly addNameRange     '0.1.2',
93 silly addNameRange     '0.1.3',
93 silly addNameRange     '0.1.4',
93 silly addNameRange     '1.0.0',
93 silly addNameRange     '1.0.1',
93 silly addNameRange     '1.1.0',
93 silly addNameRange     '1.1.1',
93 silly addNameRange     '1.1.2' ] ]
94 silly addNamed tokenizer@1.1.2
95 verbose addNamed "1.1.2" is a plain semver version for tokenizer
96 silly mapToRegistry name tokenizer
97 silly mapToRegistry using default registry
98 silly mapToRegistry registry https://registry.npmjs.org/
99 silly mapToRegistry uri https://registry.npmjs.org/tokenizer
100 verbose addRemoteTarball https://registry.npmjs.org/tokenizer/-/tokenizer-1.1.2.tgz not in flight; adding
101 verbose addRemoteTarball [ 'https://registry.npmjs.org/tokenizer/-/tokenizer-1.1.2.tgz',
101 verbose addRemoteTarball   '0058bdc229affaed05b29333675ccf53eae34f5d' ]
102 info retry fetch attempt 1 at 5:29:22 PM
103 info attempt registry request try #1 at 5:29:22 PM
104 http fetch GET https://registry.npmjs.org/tokenizer/-/tokenizer-1.1.2.tgz
105 http fetch 200 https://registry.npmjs.org/tokenizer/-/tokenizer-1.1.2.tgz
106 silly fetchAndShaCheck shasum 0058bdc229affaed05b29333675ccf53eae34f5d
107 verbose addTmpTarball /tmp/npm-2284-5ec9e6d8/registry.npmjs.org/tokenizer/-/tokenizer-1.1.2.tgz not in flight; adding
108 verbose addTmpTarball already have metadata; skipping unpack for tokenizer@1.1.2
109 silly cache afterAdd tokenizer@1.1.2
110 verbose afterAdd /home/patterson/.npm/tokenizer/1.1.2/package/package.json not in flight; writing
111 verbose afterAdd /home/patterson/.npm/tokenizer/1.1.2/package/package.json written
112 silly fetchNamedPackageData disect
113 silly mapToRegistry name disect
114 silly mapToRegistry using default registry
115 silly mapToRegistry registry https://registry.npmjs.org/
116 silly mapToRegistry uri https://registry.npmjs.org/disect
117 verbose request uri https://registry.npmjs.org/disect
118 verbose request no auth needed
119 info attempt registry request try #1 at 5:29:22 PM
120 http request GET https://registry.npmjs.org/disect
121 http 200 https://registry.npmjs.org/disect
122 verbose headers { server: 'nginx/1.10.1',
122 verbose headers   'content-type': 'application/json',
122 verbose headers   'last-modified': 'Thu, 11 Jul 2013 23:47:58 GMT',
122 verbose headers   etag: 'W/"51df442e-418c"',
122 verbose headers   'content-encoding': 'gzip',
122 verbose headers   'cache-control': 'max-age=300',
122 verbose headers   'content-length': '2630',
122 verbose headers   'accept-ranges': 'bytes',
122 verbose headers   date: 'Sat, 15 Apr 2017 00:29:22 GMT',
122 verbose headers   via: '1.1 varnish',
122 verbose headers   age: '0',
122 verbose headers   connection: 'keep-alive',
122 verbose headers   'x-served-by': 'cache-sea1050-SEA',
122 verbose headers   'x-cache': 'MISS',
122 verbose headers   'x-cache-hits': '0',
122 verbose headers   'x-timer': 'S1492216162.406037,VS0,VE9',
122 verbose headers   vary: 'Accept-Encoding' }
123 silly get cb [ 200,
123 silly get   { server: 'nginx/1.10.1',
123 silly get     'content-type': 'application/json',
123 silly get     'last-modified': 'Thu, 11 Jul 2013 23:47:58 GMT',
123 silly get     etag: 'W/"51df442e-418c"',
123 silly get     'content-encoding': 'gzip',
123 silly get     'cache-control': 'max-age=300',
123 silly get     'content-length': '2630',
123 silly get     'accept-ranges': 'bytes',
123 silly get     date: 'Sat, 15 Apr 2017 00:29:22 GMT',
123 silly get     via: '1.1 varnish',
123 silly get     age: '0',
123 silly get     connection: 'keep-alive',
123 silly get     'x-served-by': 'cache-sea1050-SEA',
123 silly get     'x-cache': 'MISS',
123 silly get     'x-cache-hits': '0',
123 silly get     'x-timer': 'S1492216162.406037,VS0,VE9',
123 silly get     vary: 'Accept-Encoding' } ]
124 verbose get saving disect to /home/patterson/.npm/registry.npmjs.org/disect/.cache.json
125 silly resolveWithNewModule disect@1.1.1 checking installable status
126 silly cache add args [ 'disect@~1.1.0', null ]
127 verbose cache add spec disect@~1.1.0
128 silly cache add parsed spec Result {
128 silly cache add   raw: 'disect@~1.1.0',
128 silly cache add   scope: null,
128 silly cache add   name: 'disect',
128 silly cache add   rawSpec: '~1.1.0',
128 silly cache add   spec: '>=1.1.0 <1.2.0',
128 silly cache add   type: 'range' }
129 silly addNamed disect@>=1.1.0 <1.2.0
130 verbose addNamed ">=1.1.0 <1.2.0" is a valid semver range for disect
131 silly addNameRange { name: 'disect', range: '>=1.1.0 <1.2.0', hasData: false }
132 silly mapToRegistry name disect
133 silly mapToRegistry using default registry
134 silly mapToRegistry registry https://registry.npmjs.org/
135 silly mapToRegistry uri https://registry.npmjs.org/disect
136 verbose addNameRange registry:https://registry.npmjs.org/disect not in flight; fetching
137 verbose get https://registry.npmjs.org/disect not expired, no request
138 silly addNameRange number 2 { name: 'disect', range: '>=1.1.0 <1.2.0', hasData: true }
139 silly addNameRange versions [ 'disect', [ '0.0.0', '1.0.1', '1.1.0', '1.1.1', '1.2.0' ] ]
140 silly addNamed disect@1.1.1
141 verbose addNamed "1.1.1" is a plain semver version for disect
142 silly mapToRegistry name disect
143 silly mapToRegistry using default registry
144 silly mapToRegistry registry https://registry.npmjs.org/
145 silly mapToRegistry uri https://registry.npmjs.org/disect
146 verbose addRemoteTarball https://registry.npmjs.org/disect/-/disect-1.1.1.tgz not in flight; adding
147 verbose addRemoteTarball [ 'https://registry.npmjs.org/disect/-/disect-1.1.1.tgz',
147 verbose addRemoteTarball   'b2b520fab720abed83ec1a41f61979f4f318aca7' ]
148 info retry fetch attempt 1 at 5:29:22 PM
149 info attempt registry request try #1 at 5:29:22 PM
150 http fetch GET https://registry.npmjs.org/disect/-/disect-1.1.1.tgz
151 http fetch 200 https://registry.npmjs.org/disect/-/disect-1.1.1.tgz
152 silly fetchAndShaCheck shasum b2b520fab720abed83ec1a41f61979f4f318aca7
153 verbose addTmpTarball /tmp/npm-2284-5ec9e6d8/registry.npmjs.org/disect/-/disect-1.1.1.tgz not in flight; adding
154 verbose addTmpTarball already have metadata; skipping unpack for disect@1.1.1
155 silly cache afterAdd disect@1.1.1
156 verbose afterAdd /home/patterson/.npm/disect/1.1.1/package/package.json not in flight; writing
157 verbose afterAdd /home/patterson/.npm/disect/1.1.1/package/package.json written
158 silly loadAllDepsIntoIdealTree Finishing
159 silly idealTree:prePrune jalangi2@0.2.5
159 silly idealTree:prePrune ├── acorn-jsx@3.0.1
159 silly idealTree:prePrune ├── acorn@3.1.0
159 silly idealTree:prePrune ├── argparse@0.1.6
159 silly idealTree:prePrune ├── bluebird@3.4.7
159 silly idealTree:prePrune ├── catharsis@0.8.8
159 silly idealTree:prePrune ├── cli-table@0.0.2
159 silly idealTree:prePrune ├── codemirror@5.1.0
159 silly idealTree:prePrune ├── colors@0.3.0
159 silly idealTree:prePrune ├── commander@2.3.0
159 silly idealTree:prePrune ├─┬ cover@0.2.9
159 silly idealTree:prePrune │ ├── underscore.string@2.0.0
159 silly idealTree:prePrune │ └── underscore@1.2.4
159 silly idealTree:prePrune ├── datatables@1.10.6
159 silly idealTree:prePrune ├── debug@2.2.0
159 silly idealTree:prePrune ├── diff@1.4.0
159 silly idealTree:prePrune ├── disect@1.1.1
159 silly idealTree:prePrune ├── escape-string-regexp@1.0.2
159 silly idealTree:prePrune ├── esotope@1.4.5
159 silly idealTree:prePrune ├─┬ espree@3.1.7
159 silly idealTree:prePrune │ └── acorn@3.3.0
159 silly idealTree:prePrune ├── estraverse@4.0.0
159 silly idealTree:prePrune ├── fill-keys@1.0.2
159 silly idealTree:prePrune ├── glob@3.2.11
159 silly idealTree:prePrune ├── graceful-fs@3.0.11
159 silly idealTree:prePrune ├── graceful-ncp@2.0.0
159 silly idealTree:prePrune ├── growl@1.9.2
159 silly idealTree:prePrune ├── inherits@2.0.3
159 silly idealTree:prePrune ├── is-object@1.0.1
159 silly idealTree:prePrune ├─┬ jade@0.26.3
159 silly idealTree:prePrune │ ├── commander@0.6.1
159 silly idealTree:prePrune │ └── mkdirp@0.3.0
159 silly idealTree:prePrune ├── jquery@2.1.3
159 silly idealTree:prePrune ├── js2xmlparser@1.0.0
159 silly idealTree:prePrune ├─┬ jsdoc@3.4.3
159 silly idealTree:prePrune │ ├── escape-string-regexp@1.0.5
159 silly idealTree:prePrune │ ├── mkdirp@0.5.1
159 silly idealTree:prePrune │ └── underscore@1.8.3
159 silly idealTree:prePrune ├── json-tokenizer@1.0.1
159 silly idealTree:prePrune ├─┬ klaw@1.3.1
159 silly idealTree:prePrune │ └── graceful-fs@4.1.11
159 silly idealTree:prePrune ├── lru-cache@2.7.3
159 silly idealTree:prePrune ├── marked@0.3.6
159 silly idealTree:prePrune ├── merge-descriptors@1.0.1
159 silly idealTree:prePrune ├── minimatch@0.3.0
159 silly idealTree:prePrune ├── minimist@0.0.8
159 silly idealTree:prePrune ├── mkdirp@0.5.0
159 silly idealTree:prePrune ├─┬ mocha@2.5.3
159 silly idealTree:prePrune │ └── mkdirp@0.5.1
159 silly idealTree:prePrune ├── module-not-found-error@1.0.1
159 silly idealTree:prePrune ├── ms@0.7.1
159 silly idealTree:prePrune ├── natives@1.1.0
159 silly idealTree:prePrune ├── ncp@2.0.0
159 silly idealTree:prePrune ├── parse5@2.1.5
159 silly idealTree:prePrune ├── proxyquire@1.7.11
159 silly idealTree:prePrune ├── q@1.2.0
159 silly idealTree:prePrune ├─┬ requizzle@0.2.1
159 silly idealTree:prePrune │ └── underscore@1.6.0
159 silly idealTree:prePrune ├── resolve@1.1.7
159 silly idealTree:prePrune ├── rewriting-proxy@0.5.1
159 silly idealTree:prePrune ├── rimraf@2.2.8
159 silly idealTree:prePrune ├── shelljs@0.6.1
159 silly idealTree:prePrune ├── sigmund@1.0.1
159 silly idealTree:prePrune ├── strip-json-comments@2.0.1
159 silly idealTree:prePrune ├── supports-color@1.2.0
159 silly idealTree:prePrune ├── taffydb@2.6.2
159 silly idealTree:prePrune ├── temp@0.8.1
159 silly idealTree:prePrune ├── to-iso-string@0.0.2
159 silly idealTree:prePrune ├── tokenizer@1.1.2
159 silly idealTree:prePrune ├─┬ underscore-contrib@0.3.0
159 silly idealTree:prePrune │ └── underscore@1.6.0
159 silly idealTree:prePrune ├── underscore.string@2.1.1
159 silly idealTree:prePrune ├── underscore@1.3.3
159 silly idealTree:prePrune └── which@1.0.9
160 silly loadIdealTree Finishing
161 silly currentTree jalangi2@0.2.5
161 silly currentTree ├── acorn-jsx@3.0.1
161 silly currentTree ├── acorn@3.1.0
161 silly currentTree ├── argparse@0.1.6
161 silly currentTree ├── bluebird@3.4.7
161 silly currentTree ├── catharsis@0.8.8
161 silly currentTree ├── cli-table@0.0.2
161 silly currentTree ├── codemirror@5.1.0
161 silly currentTree ├── colors@0.3.0
161 silly currentTree ├── commander@2.3.0
161 silly currentTree ├─┬ cover@0.2.9
161 silly currentTree │ ├── underscore.string@2.0.0
161 silly currentTree │ └── underscore@1.2.4
161 silly currentTree ├── datatables@1.10.6
161 silly currentTree ├── debug@2.2.0
161 silly currentTree ├── diff@1.4.0
161 silly currentTree ├── escape-string-regexp@1.0.2
161 silly currentTree ├── esotope@1.4.5
161 silly currentTree ├─┬ espree@3.1.7
161 silly currentTree │ └── acorn@3.3.0
161 silly currentTree ├── estraverse@4.0.0
161 silly currentTree ├── fill-keys@1.0.2
161 silly currentTree ├── glob@3.2.11
161 silly currentTree ├── graceful-fs@3.0.11
161 silly currentTree ├── graceful-ncp@2.0.0
161 silly currentTree ├── growl@1.9.2
161 silly currentTree ├── inherits@2.0.3
161 silly currentTree ├── is-object@1.0.1
161 silly currentTree ├─┬ jade@0.26.3
161 silly currentTree │ ├── commander@0.6.1
161 silly currentTree │ └── mkdirp@0.3.0
161 silly currentTree ├── jquery@2.1.3
161 silly currentTree ├── js2xmlparser@1.0.0
161 silly currentTree ├─┬ jsdoc@3.4.3
161 silly currentTree │ ├── escape-string-regexp@1.0.5
161 silly currentTree │ ├── mkdirp@0.5.1
161 silly currentTree │ └── underscore@1.8.3
161 silly currentTree ├─┬ klaw@1.3.1
161 silly currentTree │ └── graceful-fs@4.1.11
161 silly currentTree ├── lru-cache@2.7.3
161 silly currentTree ├── marked@0.3.6
161 silly currentTree ├── merge-descriptors@1.0.1
161 silly currentTree ├── minimatch@0.3.0
161 silly currentTree ├── minimist@0.0.8
161 silly currentTree ├── mkdirp@0.5.0
161 silly currentTree ├─┬ mocha@2.5.3
161 silly currentTree │ └── mkdirp@0.5.1
161 silly currentTree ├── module-not-found-error@1.0.1
161 silly currentTree ├── ms@0.7.1
161 silly currentTree ├── natives@1.1.0
161 silly currentTree ├── ncp@2.0.0
161 silly currentTree ├── parse5@2.1.5
161 silly currentTree ├── proxyquire@1.7.11
161 silly currentTree ├── q@1.2.0
161 silly currentTree ├─┬ requizzle@0.2.1
161 silly currentTree │ └── underscore@1.6.0
161 silly currentTree ├── resolve@1.1.7
161 silly currentTree ├── rewriting-proxy@0.5.1
161 silly currentTree ├── rimraf@2.2.8
161 silly currentTree ├── shelljs@0.6.1
161 silly currentTree ├── sigmund@1.0.1
161 silly currentTree ├── strip-json-comments@2.0.1
161 silly currentTree ├── supports-color@1.2.0
161 silly currentTree ├── taffydb@2.6.2
161 silly currentTree ├── temp@0.8.1
161 silly currentTree ├── to-iso-string@0.0.2
161 silly currentTree ├─┬ underscore-contrib@0.3.0
161 silly currentTree │ └── underscore@1.6.0
161 silly currentTree ├── underscore.string@2.1.1
161 silly currentTree ├── underscore@1.3.3
161 silly currentTree └── which@1.0.9
162 silly idealTree jalangi2@0.2.5
162 silly idealTree ├── acorn-jsx@3.0.1
162 silly idealTree ├── acorn@3.1.0
162 silly idealTree ├── argparse@0.1.6
162 silly idealTree ├── bluebird@3.4.7
162 silly idealTree ├── catharsis@0.8.8
162 silly idealTree ├── cli-table@0.0.2
162 silly idealTree ├── codemirror@5.1.0
162 silly idealTree ├── colors@0.3.0
162 silly idealTree ├── commander@2.3.0
162 silly idealTree ├─┬ cover@0.2.9
162 silly idealTree │ ├── underscore.string@2.0.0
162 silly idealTree │ └── underscore@1.2.4
162 silly idealTree ├── datatables@1.10.6
162 silly idealTree ├── debug@2.2.0
162 silly idealTree ├── diff@1.4.0
162 silly idealTree ├── disect@1.1.1
162 silly idealTree ├── escape-string-regexp@1.0.2
162 silly idealTree ├── esotope@1.4.5
162 silly idealTree ├─┬ espree@3.1.7
162 silly idealTree │ └── acorn@3.3.0
162 silly idealTree ├── estraverse@4.0.0
162 silly idealTree ├── fill-keys@1.0.2
162 silly idealTree ├── glob@3.2.11
162 silly idealTree ├── graceful-fs@3.0.11
162 silly idealTree ├── graceful-ncp@2.0.0
162 silly idealTree ├── growl@1.9.2
162 silly idealTree ├── inherits@2.0.3
162 silly idealTree ├── is-object@1.0.1
162 silly idealTree ├─┬ jade@0.26.3
162 silly idealTree │ ├── commander@0.6.1
162 silly idealTree │ └── mkdirp@0.3.0
162 silly idealTree ├── jquery@2.1.3
162 silly idealTree ├── js2xmlparser@1.0.0
162 silly idealTree ├─┬ jsdoc@3.4.3
162 silly idealTree │ ├── escape-string-regexp@1.0.5
162 silly idealTree │ ├── mkdirp@0.5.1
162 silly idealTree │ └── underscore@1.8.3
162 silly idealTree ├── json-tokenizer@1.0.1
162 silly idealTree ├─┬ klaw@1.3.1
162 silly idealTree │ └── graceful-fs@4.1.11
162 silly idealTree ├── lru-cache@2.7.3
162 silly idealTree ├── marked@0.3.6
162 silly idealTree ├── merge-descriptors@1.0.1
162 silly idealTree ├── minimatch@0.3.0
162 silly idealTree ├── minimist@0.0.8
162 silly idealTree ├── mkdirp@0.5.0
162 silly idealTree ├─┬ mocha@2.5.3
162 silly idealTree │ └── mkdirp@0.5.1
162 silly idealTree ├── module-not-found-error@1.0.1
162 silly idealTree ├── ms@0.7.1
162 silly idealTree ├── natives@1.1.0
162 silly idealTree ├── ncp@2.0.0
162 silly idealTree ├── parse5@2.1.5
162 silly idealTree ├── proxyquire@1.7.11
162 silly idealTree ├── q@1.2.0
162 silly idealTree ├─┬ requizzle@0.2.1
162 silly idealTree │ └── underscore@1.6.0
162 silly idealTree ├── resolve@1.1.7
162 silly idealTree ├── rewriting-proxy@0.5.1
162 silly idealTree ├── rimraf@2.2.8
162 silly idealTree ├── shelljs@0.6.1
162 silly idealTree ├── sigmund@1.0.1
162 silly idealTree ├── strip-json-comments@2.0.1
162 silly idealTree ├── supports-color@1.2.0
162 silly idealTree ├── taffydb@2.6.2
162 silly idealTree ├── temp@0.8.1
162 silly idealTree ├── to-iso-string@0.0.2
162 silly idealTree ├── tokenizer@1.1.2
162 silly idealTree ├─┬ underscore-contrib@0.3.0
162 silly idealTree │ └── underscore@1.6.0
162 silly idealTree ├── underscore.string@2.1.1
162 silly idealTree ├── underscore@1.3.3
162 silly idealTree └── which@1.0.9
163 silly generateActionsToTake Starting
164 silly install generateActionsToTake
165 silly generateActionsToTake Finishing
166 silly diffTrees action count 4
167 silly diffTrees add disect@1.1.1
168 silly diffTrees add tokenizer@1.1.2
169 silly diffTrees update jsdoc@3.4.3
170 silly diffTrees add json-tokenizer@1.0.1
171 silly decomposeActions action count 32
172 silly decomposeActions fetch disect@1.1.1
173 silly decomposeActions extract disect@1.1.1
174 silly decomposeActions test disect@1.1.1
175 silly decomposeActions preinstall disect@1.1.1
176 silly decomposeActions build disect@1.1.1
177 silly decomposeActions install disect@1.1.1
178 silly decomposeActions postinstall disect@1.1.1
179 silly decomposeActions finalize disect@1.1.1
180 silly decomposeActions fetch tokenizer@1.1.2
181 silly decomposeActions extract tokenizer@1.1.2
182 silly decomposeActions test tokenizer@1.1.2
183 silly decomposeActions preinstall tokenizer@1.1.2
184 silly decomposeActions build tokenizer@1.1.2
185 silly decomposeActions install tokenizer@1.1.2
186 silly decomposeActions postinstall tokenizer@1.1.2
187 silly decomposeActions finalize tokenizer@1.1.2
188 silly decomposeActions fetch jsdoc@3.4.3
189 silly decomposeActions extract jsdoc@3.4.3
190 silly decomposeActions test jsdoc@3.4.3
191 silly decomposeActions preinstall jsdoc@3.4.3
192 silly decomposeActions build jsdoc@3.4.3
193 silly decomposeActions install jsdoc@3.4.3
194 silly decomposeActions postinstall jsdoc@3.4.3
195 silly decomposeActions finalize jsdoc@3.4.3
196 silly decomposeActions fetch json-tokenizer@1.0.1
197 silly decomposeActions extract json-tokenizer@1.0.1
198 silly decomposeActions test json-tokenizer@1.0.1
199 silly decomposeActions preinstall json-tokenizer@1.0.1
200 silly decomposeActions build json-tokenizer@1.0.1
201 silly decomposeActions install json-tokenizer@1.0.1
202 silly decomposeActions postinstall json-tokenizer@1.0.1
203 silly decomposeActions finalize json-tokenizer@1.0.1
204 silly executeActions Starting
205 silly install executeActions
206 silly doSerial global-install 0
207 silly doParallel fetch 4
208 verbose lock using /home/patterson/.npm/_locks/staging-3eb31448d1e03ff6.lock for /home/patterson/jalangi2/node_modules/.staging
209 silly doParallel extract 4
210 silly extract disect@1.1.1
211 silly extract tokenizer@1.1.2
212 silly extract jsdoc@3.4.3
213 silly extract json-tokenizer@1.0.1
214 silly addNamed jsdoc@3.4.3
215 verbose addNamed "3.4.3" is a plain semver version for jsdoc
216 silly mapToRegistry name jsdoc
217 silly mapToRegistry using default registry
218 silly mapToRegistry registry https://registry.npmjs.org/
219 silly mapToRegistry uri https://registry.npmjs.org/jsdoc
220 verbose addNameVersion registry:https://registry.npmjs.org/jsdoc not in flight; fetching
221 verbose request uri https://registry.npmjs.org/jsdoc
222 verbose request no auth needed
223 info attempt registry request try #1 at 5:29:22 PM
224 http request GET https://registry.npmjs.org/jsdoc
225 verbose unbuild node_modules/.staging/disect-a99e8e85
226 verbose unbuild node_modules/.staging/tokenizer-827fa449
227 verbose unbuild node_modules/.staging/json-tokenizer-580b4a6d
228 silly gentlyRm /home/patterson/jalangi2/node_modules/.staging/disect-a99e8e85 is being purged from base /home/patterson/jalangi2
229 verbose gentlyRm don't care about contents; nuking /home/patterson/jalangi2/node_modules/.staging/disect-a99e8e85
230 silly gentlyRm /home/patterson/jalangi2/node_modules/.staging/tokenizer-827fa449 is being purged from base /home/patterson/jalangi2
231 verbose gentlyRm don't care about contents; nuking /home/patterson/jalangi2/node_modules/.staging/tokenizer-827fa449
232 silly gentlyRm /home/patterson/jalangi2/node_modules/.staging/json-tokenizer-580b4a6d is being purged from base /home/patterson/jalangi2
233 verbose gentlyRm don't care about contents; nuking /home/patterson/jalangi2/node_modules/.staging/json-tokenizer-580b4a6d
234 verbose tar unpack /home/patterson/.npm/disect/1.1.1/package.tgz
235 verbose tar unpacking to /home/patterson/jalangi2/node_modules/.staging/disect-a99e8e85
236 silly gentlyRm /home/patterson/jalangi2/node_modules/.staging/disect-a99e8e85 is being purged
237 verbose gentlyRm don't care about contents; nuking /home/patterson/jalangi2/node_modules/.staging/disect-a99e8e85
238 verbose tar unpack /home/patterson/.npm/tokenizer/1.1.2/package.tgz
239 verbose tar unpacking to /home/patterson/jalangi2/node_modules/.staging/tokenizer-827fa449
240 silly gentlyRm /home/patterson/jalangi2/node_modules/.staging/tokenizer-827fa449 is being purged
241 verbose gentlyRm don't care about contents; nuking /home/patterson/jalangi2/node_modules/.staging/tokenizer-827fa449
242 verbose tar unpack /home/patterson/.npm/json-tokenizer/1.0.1/package.tgz
243 verbose tar unpacking to /home/patterson/jalangi2/node_modules/.staging/json-tokenizer-580b4a6d
244 silly gentlyRm /home/patterson/jalangi2/node_modules/.staging/json-tokenizer-580b4a6d is being purged
245 verbose gentlyRm don't care about contents; nuking /home/patterson/jalangi2/node_modules/.staging/json-tokenizer-580b4a6d
246 silly gunzTarPerm modes [ '775', '664' ]
247 silly gunzTarPerm modes [ '775', '664' ]
248 silly gunzTarPerm modes [ '775', '664' ]
249 silly gunzTarPerm extractEntry package.json
250 silly gunzTarPerm modified mode [ 'package.json', 420, 436 ]
251 silly gunzTarPerm extractEntry package.json
252 silly gunzTarPerm modified mode [ 'package.json', 420, 436 ]
253 silly gunzTarPerm extractEntry package.json
254 silly gunzTarPerm extractEntry .npmignore
255 silly gunzTarPerm modified mode [ '.npmignore', 420, 436 ]
256 silly gunzTarPerm extractEntry index.js
257 silly gunzTarPerm modified mode [ 'index.js', 420, 436 ]
258 silly gunzTarPerm extractEntry .npmignore
259 silly gunzTarPerm modified mode [ '.npmignore', 420, 436 ]
260 silly gunzTarPerm extractEntry README.md
261 silly gunzTarPerm modified mode [ 'README.md', 420, 436 ]
262 silly gunzTarPerm extractEntry .npmignore
263 silly gunzTarPerm extractEntry JsonTokenizer.js
264 silly gunzTarPerm extractEntry .exrc
265 silly gunzTarPerm modified mode [ '.exrc', 420, 436 ]
266 silly gunzTarPerm extractEntry .travis.yml
267 silly gunzTarPerm modified mode [ '.travis.yml', 420, 436 ]
268 silly gunzTarPerm extractEntry .exrc
269 silly gunzTarPerm modified mode [ '.exrc', 420, 436 ]
270 silly gunzTarPerm extractEntry .travis.yml
271 silly gunzTarPerm modified mode [ '.travis.yml', 420, 436 ]
272 silly gunzTarPerm extractEntry .exrc
273 silly gunzTarPerm extractEntry .travis.yml
274 silly gunzTarPerm extractEntry examples/json.js
275 silly gunzTarPerm modified mode [ 'examples/json.js', 420, 436 ]
276 silly gunzTarPerm extractEntry examples/simple.js
277 silly gunzTarPerm modified mode [ 'examples/simple.js', 420, 436 ]
278 silly gunzTarPerm extractEntry README.markdown
279 silly gunzTarPerm modified mode [ 'README.markdown', 420, 436 ]
280 silly gunzTarPerm extractEntry test/test-bisect.js
281 silly gunzTarPerm modified mode [ 'test/test-bisect.js', 420, 436 ]
282 silly gunzTarPerm extractEntry README.markdown
283 silly gunzTarPerm extractEntry test/test-strings.js
284 silly gunzTarPerm extractEntry examples/underrun.js
285 silly gunzTarPerm modified mode [ 'examples/underrun.js', 420, 436 ]
286 silly gunzTarPerm extractEntry lib/Tokenizer.js
287 silly gunzTarPerm modified mode [ 'lib/Tokenizer.js', 420, 436 ]
288 silly gunzTarPerm extractEntry test/test-perf.js
289 silly gunzTarPerm modified mode [ 'test/test-perf.js', 420, 436 ]
290 silly gunzTarPerm extractEntry test/test-tokenizer.js
291 silly gunzTarPerm modified mode [ 'test/test-tokenizer.js', 420, 436 ]
292 silly gentlyRm /home/patterson/jalangi2/node_modules/.staging/disect-a99e8e85/node_modules is being purged
293 verbose gentlyRm don't care about contents; nuking /home/patterson/jalangi2/node_modules/.staging/disect-a99e8e85/node_modules
294 silly gentlyRm /home/patterson/jalangi2/node_modules/.staging/json-tokenizer-580b4a6d/node_modules is being purged
295 verbose gentlyRm don't care about contents; nuking /home/patterson/jalangi2/node_modules/.staging/json-tokenizer-580b4a6d/node_modules
296 silly gentlyRm /home/patterson/jalangi2/node_modules/.staging/tokenizer-827fa449/node_modules is being purged
297 verbose gentlyRm don't care about contents; nuking /home/patterson/jalangi2/node_modules/.staging/tokenizer-827fa449/node_modules
298 http 200 https://registry.npmjs.org/jsdoc
299 verbose headers { server: 'nginx/1.10.1',
299 verbose headers   'content-type': 'application/json',
299 verbose headers   'last-modified': 'Fri, 17 Mar 2017 09:08:15 GMT',
299 verbose headers   etag: 'W/"58cba77f-c2de"',
299 verbose headers   'content-encoding': 'gzip',
299 verbose headers   'cache-control': 'max-age=300',
299 verbose headers   'content-length': '6515',
299 verbose headers   'accept-ranges': 'bytes',
299 verbose headers   date: 'Sat, 15 Apr 2017 00:29:23 GMT',
299 verbose headers   via: '1.1 varnish',
299 verbose headers   age: '160',
299 verbose headers   connection: 'keep-alive',
299 verbose headers   'x-served-by': 'cache-sea1027-SEA',
299 verbose headers   'x-cache': 'HIT',
299 verbose headers   'x-cache-hits': '2',
299 verbose headers   'x-timer': 'S1492216163.195287,VS0,VE0',
299 verbose headers   vary: 'Accept-Encoding' }
300 silly get cb [ 200,
300 silly get   { server: 'nginx/1.10.1',
300 silly get     'content-type': 'application/json',
300 silly get     'last-modified': 'Fri, 17 Mar 2017 09:08:15 GMT',
300 silly get     etag: 'W/"58cba77f-c2de"',
300 silly get     'content-encoding': 'gzip',
300 silly get     'cache-control': 'max-age=300',
300 silly get     'content-length': '6515',
300 silly get     'accept-ranges': 'bytes',
300 silly get     date: 'Sat, 15 Apr 2017 00:29:23 GMT',
300 silly get     via: '1.1 varnish',
300 silly get     age: '160',
300 silly get     connection: 'keep-alive',
300 silly get     'x-served-by': 'cache-sea1027-SEA',
300 silly get     'x-cache': 'HIT',
300 silly get     'x-cache-hits': '2',
300 silly get     'x-timer': 'S1492216163.195287,VS0,VE0',
300 silly get     vary: 'Accept-Encoding' } ]
301 verbose get saving jsdoc to /home/patterson/.npm/registry.npmjs.org/jsdoc/.cache.json
302 silly mapToRegistry name jsdoc
303 silly mapToRegistry using default registry
304 silly mapToRegistry registry https://registry.npmjs.org/
305 silly mapToRegistry uri https://registry.npmjs.org/jsdoc
306 verbose addRemoteTarball https://registry.npmjs.org/jsdoc/-/jsdoc-3.4.3.tgz not in flight; adding
307 verbose addRemoteTarball [ 'https://registry.npmjs.org/jsdoc/-/jsdoc-3.4.3.tgz',
307 verbose addRemoteTarball   'e5740d6145c681f6679e6c17783a88dbdd97ccd3' ]
308 info retry fetch attempt 1 at 5:29:23 PM
309 info attempt registry request try #1 at 5:29:23 PM
310 http fetch GET https://registry.npmjs.org/jsdoc/-/jsdoc-3.4.3.tgz
311 http fetch 200 https://registry.npmjs.org/jsdoc/-/jsdoc-3.4.3.tgz
312 silly fetchAndShaCheck shasum e5740d6145c681f6679e6c17783a88dbdd97ccd3
313 verbose addTmpTarball /tmp/npm-2284-5ec9e6d8/registry.npmjs.org/jsdoc/-/jsdoc-3.4.3.tgz not in flight; adding
314 verbose addTmpTarball already have metadata; skipping unpack for jsdoc@3.4.3
315 verbose unbuild node_modules/.staging/jsdoc-01222a98
316 silly gentlyRm /home/patterson/jalangi2/node_modules/.staging/jsdoc-01222a98 is being purged from base /home/patterson/jalangi2
317 verbose gentlyRm don't care about contents; nuking /home/patterson/jalangi2/node_modules/.staging/jsdoc-01222a98
318 verbose tar unpack /home/patterson/.npm/jsdoc/3.4.3/package.tgz
319 verbose tar unpacking to /home/patterson/jalangi2/node_modules/.staging/jsdoc-01222a98
320 silly gentlyRm /home/patterson/jalangi2/node_modules/.staging/jsdoc-01222a98 is being purged
321 verbose gentlyRm don't care about contents; nuking /home/patterson/jalangi2/node_modules/.staging/jsdoc-01222a98
322 silly gunzTarPerm modes [ '775', '664' ]
323 silly gunzTarPerm extractEntry package.json
324 silly gunzTarPerm modified mode [ 'package.json', 420, 436 ]
325 silly gunzTarPerm extractEntry .npmignore
326 silly gunzTarPerm modified mode [ '.npmignore', 420, 436 ]
327 silly gunzTarPerm extractEntry README.md
328 silly gunzTarPerm modified mode [ 'README.md', 420, 436 ]
329 silly gunzTarPerm extractEntry cli.js
330 silly gunzTarPerm modified mode [ 'cli.js', 420, 436 ]
331 silly gunzTarPerm extractEntry jsdoc.js
332 silly gunzTarPerm modified mode [ 'jsdoc.js', 493, 509 ]
333 silly gunzTarPerm extractEntry Apache_License_2.0.txt
334 silly gunzTarPerm modified mode [ 'Apache_License_2.0.txt', 420, 436 ]
335 silly gunzTarPerm extractEntry CHANGES.md
336 silly gunzTarPerm modified mode [ 'CHANGES.md', 420, 436 ]
337 silly gunzTarPerm extractEntry CONTRIBUTING.md
338 silly gunzTarPerm modified mode [ 'CONTRIBUTING.md', 420, 436 ]
339 silly gunzTarPerm extractEntry LICENSE.md
340 silly gunzTarPerm modified mode [ 'LICENSE.md', 420, 436 ]
341 silly gunzTarPerm extractEntry conf.json.EXAMPLE
342 silly gunzTarPerm modified mode [ 'conf.json.EXAMPLE', 420, 436 ]
343 silly gunzTarPerm extractEntry .editorconfig
344 silly gunzTarPerm modified mode [ '.editorconfig', 420, 436 ]
345 silly gunzTarPerm extractEntry lib/jsdoc/app.js
346 silly gunzTarPerm modified mode [ 'lib/jsdoc/app.js', 420, 436 ]
347 silly gunzTarPerm extractEntry lib/jsdoc/env.js
348 silly gunzTarPerm modified mode [ 'lib/jsdoc/env.js', 420, 436 ]
349 silly gunzTarPerm extractEntry lib/jsdoc/fs.js
350 silly gunzTarPerm modified mode [ 'lib/jsdoc/fs.js', 420, 436 ]
351 silly gunzTarPerm extractEntry lib/jsdoc/name.js
352 silly gunzTarPerm modified mode [ 'lib/jsdoc/name.js', 420, 436 ]
353 silly gunzTarPerm extractEntry lib/jsdoc/doclet.js
354 silly gunzTarPerm modified mode [ 'lib/jsdoc/doclet.js', 420, 436 ]
355 silly gunzTarPerm extractEntry lib/jsdoc/package.js
356 silly gunzTarPerm modified mode [ 'lib/jsdoc/package.js', 420, 436 ]
357 silly gunzTarPerm extractEntry lib/jsdoc/augment.js
358 silly gunzTarPerm modified mode [ 'lib/jsdoc/augment.js', 420, 436 ]
359 silly gunzTarPerm extractEntry lib/jsdoc/plugins.js
360 silly gunzTarPerm modified mode [ 'lib/jsdoc/plugins.js', 420, 436 ]
361 silly gunzTarPerm extractEntry lib/jsdoc/readme.js
362 silly gunzTarPerm modified mode [ 'lib/jsdoc/readme.js', 420, 436 ]
363 silly gunzTarPerm extractEntry lib/jsdoc/schema.js
364 silly gunzTarPerm modified mode [ 'lib/jsdoc/schema.js', 420, 436 ]
365 silly gunzTarPerm extractEntry lib/jsdoc/config.js
366 silly gunzTarPerm modified mode [ 'lib/jsdoc/config.js', 420, 436 ]
367 silly gunzTarPerm extractEntry lib/jsdoc/template.js
368 silly gunzTarPerm modified mode [ 'lib/jsdoc/template.js', 420, 436 ]
369 silly gunzTarPerm extractEntry lib/jsdoc/borrow.js
370 silly gunzTarPerm modified mode [ 'lib/jsdoc/borrow.js', 420, 436 ]
371 silly gunzTarPerm extractEntry lib/jsdoc/tag.js
372 silly gunzTarPerm modified mode [ 'lib/jsdoc/tag.js', 420, 436 ]
373 silly gunzTarPerm extractEntry lib/jsdoc/tutorial.js
374 silly gunzTarPerm modified mode [ 'lib/jsdoc/tutorial.js', 420, 436 ]
375 silly gunzTarPerm extractEntry lib/jsdoc/path.js
376 silly gunzTarPerm modified mode [ 'lib/jsdoc/path.js', 420, 436 ]
377 silly gunzTarPerm extractEntry lib/jsdoc/tag/dictionary.js
378 silly gunzTarPerm modified mode [ 'lib/jsdoc/tag/dictionary.js', 420, 436 ]
379 silly gunzTarPerm extractEntry lib/jsdoc/tag/inline.js
380 silly gunzTarPerm modified mode [ 'lib/jsdoc/tag/inline.js', 420, 436 ]
381 silly gunzTarPerm extractEntry lib/jsdoc/tag/type.js
382 silly gunzTarPerm modified mode [ 'lib/jsdoc/tag/type.js', 420, 436 ]
383 silly gunzTarPerm extractEntry lib/jsdoc/tag/validator.js
384 silly gunzTarPerm modified mode [ 'lib/jsdoc/tag/validator.js', 420, 436 ]
385 silly gunzTarPerm extractEntry lib/jsdoc/tag/dictionary/definitions.js
386 silly gunzTarPerm modified mode [ 'lib/jsdoc/tag/dictionary/definitions.js', 420, 436 ]
387 silly gunzTarPerm extractEntry lib/jsdoc/src/astbuilder.js
388 silly gunzTarPerm modified mode [ 'lib/jsdoc/src/astbuilder.js', 420, 436 ]
389 silly gunzTarPerm extractEntry lib/jsdoc/src/astnode.js
390 silly gunzTarPerm modified mode [ 'lib/jsdoc/src/astnode.js', 420, 436 ]
391 silly gunzTarPerm extractEntry lib/jsdoc/src/filter.js
392 silly gunzTarPerm modified mode [ 'lib/jsdoc/src/filter.js', 420, 436 ]
393 silly gunzTarPerm extractEntry lib/jsdoc/src/handlers.js
394 silly gunzTarPerm modified mode [ 'lib/jsdoc/src/handlers.js', 420, 436 ]
395 silly gunzTarPerm extractEntry lib/jsdoc/src/parser.js
396 silly gunzTarPerm modified mode [ 'lib/jsdoc/src/parser.js', 420, 436 ]
397 silly gunzTarPerm extractEntry lib/jsdoc/src/scanner.js
398 silly gunzTarPerm modified mode [ 'lib/jsdoc/src/scanner.js', 420, 436 ]
399 silly gunzTarPerm extractEntry lib/jsdoc/src/syntax.js
400 silly gunzTarPerm modified mode [ 'lib/jsdoc/src/syntax.js', 420, 436 ]
401 silly gunzTarPerm extractEntry lib/jsdoc/src/visitor.js
402 silly gunzTarPerm modified mode [ 'lib/jsdoc/src/visitor.js', 420, 436 ]
403 silly gunzTarPerm extractEntry lib/jsdoc/src/walker.js
404 silly gunzTarPerm modified mode [ 'lib/jsdoc/src/walker.js', 420, 436 ]
405 silly gunzTarPerm extractEntry lib/jsdoc/tutorial/resolver.js
406 silly gunzTarPerm modified mode [ 'lib/jsdoc/tutorial/resolver.js', 420, 436 ]
407 silly gunzTarPerm extractEntry lib/jsdoc/opts/argparser.js
408 silly gunzTarPerm modified mode [ 'lib/jsdoc/opts/argparser.js', 420, 436 ]
409 silly gunzTarPerm extractEntry lib/jsdoc/opts/args.js
410 silly gunzTarPerm modified mode [ 'lib/jsdoc/opts/args.js', 420, 436 ]
411 silly gunzTarPerm extractEntry lib/jsdoc/util/cast.js
412 silly gunzTarPerm modified mode [ 'lib/jsdoc/util/cast.js', 420, 436 ]
413 silly gunzTarPerm extractEntry lib/jsdoc/util/doop.js
414 silly gunzTarPerm modified mode [ 'lib/jsdoc/util/doop.js', 420, 436 ]
415 silly gunzTarPerm extractEntry lib/jsdoc/util/dumper.js
416 silly gunzTarPerm modified mode [ 'lib/jsdoc/util/dumper.js', 420, 436 ]
417 silly gunzTarPerm extractEntry lib/jsdoc/util/error.js
418 silly gunzTarPerm modified mode [ 'lib/jsdoc/util/error.js', 420, 436 ]
419 silly gunzTarPerm extractEntry lib/jsdoc/util/logger.js
420 silly gunzTarPerm modified mode [ 'lib/jsdoc/util/logger.js', 420, 436 ]
421 silly gunzTarPerm extractEntry lib/jsdoc/util/markdown.js
422 silly gunzTarPerm modified mode [ 'lib/jsdoc/util/markdown.js', 420, 436 ]
423 silly gunzTarPerm extractEntry lib/jsdoc/util/runtime.js
424 silly gunzTarPerm modified mode [ 'lib/jsdoc/util/runtime.js', 420, 436 ]
425 silly gunzTarPerm extractEntry lib/jsdoc/util/templateHelper.js
426 silly gunzTarPerm modified mode [ 'lib/jsdoc/util/templateHelper.js', 420, 436 ]
427 silly gunzTarPerm extractEntry templates/README.md
428 silly gunzTarPerm modified mode [ 'templates/README.md', 420, 436 ]
429 silly gunzTarPerm extractEntry templates/default/README.md
430 silly gunzTarPerm modified mode [ 'templates/default/README.md', 420, 436 ]
431 silly gunzTarPerm extractEntry templates/default/publish.js
432 silly gunzTarPerm modified mode [ 'templates/default/publish.js', 420, 436 ]
433 silly gunzTarPerm extractEntry templates/default/static/fonts/OpenSans-Light-webfont.eot
434 silly gunzTarPerm modified mode [ 'templates/default/static/fonts/OpenSans-Light-webfont.eot',
434 silly gunzTarPerm   420,
434 silly gunzTarPerm   436 ]
435 silly gunzTarPerm extractEntry templates/default/static/fonts/OpenSans-Bold-webfont.eot
436 silly gunzTarPerm modified mode [ 'templates/default/static/fonts/OpenSans-Bold-webfont.eot',
436 silly gunzTarPerm   420,
436 silly gunzTarPerm   436 ]
437 silly gunzTarPerm extractEntry templates/default/static/fonts/OpenSans-Bold-webfont.woff
438 silly gunzTarPerm modified mode [ 'templates/default/static/fonts/OpenSans-Bold-webfont.woff',
438 silly gunzTarPerm   420,
438 silly gunzTarPerm   436 ]
439 silly gunzTarPerm extractEntry templates/default/static/fonts/OpenSans-BoldItalic-webfont.eot
440 silly gunzTarPerm modified mode [ 'templates/default/static/fonts/OpenSans-BoldItalic-webfont.eot',
440 silly gunzTarPerm   420,
440 silly gunzTarPerm   436 ]
441 silly gunzTarPerm extractEntry templates/default/static/fonts/OpenSans-BoldItalic-webfont.svg
442 silly gunzTarPerm modified mode [ 'templates/default/static/fonts/OpenSans-BoldItalic-webfont.svg',
442 silly gunzTarPerm   420,
442 silly gunzTarPerm   436 ]
443 silly gunzTarPerm extractEntry templates/default/static/fonts/OpenSans-BoldItalic-webfont.woff
444 silly gunzTarPerm modified mode [ 'templates/default/static/fonts/OpenSans-BoldItalic-webfont.woff',
444 silly gunzTarPerm   420,
444 silly gunzTarPerm   436 ]
445 silly gunzTarPerm extractEntry templates/default/static/fonts/OpenSans-Italic-webfont.eot
446 silly gunzTarPerm modified mode [ 'templates/default/static/fonts/OpenSans-Italic-webfont.eot',
446 silly gunzTarPerm   420,
446 silly gunzTarPerm   436 ]
447 silly gunzTarPerm extractEntry templates/default/static/fonts/OpenSans-Italic-webfont.svg
448 silly gunzTarPerm modified mode [ 'templates/default/static/fonts/OpenSans-Italic-webfont.svg',
448 silly gunzTarPerm   420,
448 silly gunzTarPerm   436 ]
449 silly gunzTarPerm extractEntry templates/default/static/fonts/OpenSans-Italic-webfont.woff
450 silly gunzTarPerm modified mode [ 'templates/default/static/fonts/OpenSans-Italic-webfont.woff',
450 silly gunzTarPerm   420,
450 silly gunzTarPerm   436 ]
451 silly gunzTarPerm extractEntry templates/default/static/fonts/OpenSans-Bold-webfont.svg
452 silly gunzTarPerm modified mode [ 'templates/default/static/fonts/OpenSans-Bold-webfont.svg',
452 silly gunzTarPerm   420,
452 silly gunzTarPerm   436 ]
453 silly gunzTarPerm extractEntry templates/default/static/fonts/OpenSans-Light-webfont.svg
454 silly gunzTarPerm modified mode [ 'templates/default/static/fonts/OpenSans-Light-webfont.svg',
454 silly gunzTarPerm   420,
454 silly gunzTarPerm   436 ]
455 silly gunzTarPerm extractEntry templates/default/static/fonts/OpenSans-Light-webfont.woff
456 silly gunzTarPerm modified mode [ 'templates/default/static/fonts/OpenSans-Light-webfont.woff',
456 silly gunzTarPerm   420,
456 silly gunzTarPerm   436 ]
457 silly gunzTarPerm extractEntry templates/default/static/fonts/OpenSans-LightItalic-webfont.eot
458 silly gunzTarPerm modified mode [ 'templates/default/static/fonts/OpenSans-LightItalic-webfont.eot',
458 silly gunzTarPerm   420,
458 silly gunzTarPerm   436 ]
459 silly gunzTarPerm extractEntry templates/default/static/fonts/OpenSans-LightItalic-webfont.svg
460 silly gunzTarPerm modified mode [ 'templates/default/static/fonts/OpenSans-LightItalic-webfont.svg',
460 silly gunzTarPerm   420,
460 silly gunzTarPerm   436 ]
461 silly gunzTarPerm extractEntry templates/default/static/fonts/OpenSans-LightItalic-webfont.woff
462 silly gunzTarPerm modified mode [ 'templates/default/static/fonts/OpenSans-LightItalic-webfont.woff',
462 silly gunzTarPerm   420,
462 silly gunzTarPerm   436 ]
463 silly gunzTarPerm extractEntry templates/default/static/fonts/OpenSans-Regular-webfont.eot
464 silly gunzTarPerm modified mode [ 'templates/default/static/fonts/OpenSans-Regular-webfont.eot',
464 silly gunzTarPerm   420,
464 silly gunzTarPerm   436 ]
465 silly gunzTarPerm extractEntry templates/default/static/fonts/OpenSans-Regular-webfont.svg
466 silly gunzTarPerm modified mode [ 'templates/default/static/fonts/OpenSans-Regular-webfont.svg',
466 silly gunzTarPerm   420,
466 silly gunzTarPerm   436 ]
467 silly gunzTarPerm extractEntry templates/default/static/fonts/OpenSans-Regular-webfont.woff
468 silly gunzTarPerm modified mode [ 'templates/default/static/fonts/OpenSans-Regular-webfont.woff',
468 silly gunzTarPerm   420,
468 silly gunzTarPerm   436 ]
469 silly gunzTarPerm extractEntry templates/default/static/scripts/linenumber.js
470 silly gunzTarPerm modified mode [ 'templates/default/static/scripts/linenumber.js', 420, 436 ]
471 silly gunzTarPerm extractEntry templates/default/static/scripts/prettify/lang-css.js
472 silly gunzTarPerm modified mode [ 'templates/default/static/scripts/prettify/lang-css.js',
472 silly gunzTarPerm   420,
472 silly gunzTarPerm   436 ]
473 silly gunzTarPerm extractEntry templates/default/static/scripts/prettify/prettify.js
474 silly gunzTarPerm modified mode [ 'templates/default/static/scripts/prettify/prettify.js',
474 silly gunzTarPerm   420,
474 silly gunzTarPerm   436 ]
475 silly gunzTarPerm extractEntry templates/default/static/scripts/prettify/Apache-License-2.0.txt
476 silly gunzTarPerm modified mode [ 'templates/default/static/scripts/prettify/Apache-License-2.0.txt',
476 silly gunzTarPerm   420,
476 silly gunzTarPerm   436 ]
477 silly gunzTarPerm extractEntry templates/default/static/styles/jsdoc-default.css
478 silly gunzTarPerm modified mode [ 'templates/default/static/styles/jsdoc-default.css', 420, 436 ]
479 silly gunzTarPerm extractEntry templates/default/static/styles/prettify-jsdoc.css
480 silly gunzTarPerm modified mode [ 'templates/default/static/styles/prettify-jsdoc.css',
480 silly gunzTarPerm   420,
480 silly gunzTarPerm   436 ]
481 silly gunzTarPerm extractEntry templates/default/static/styles/prettify-tomorrow.css
482 silly gunzTarPerm modified mode [ 'templates/default/static/styles/prettify-tomorrow.css',
482 silly gunzTarPerm   420,
482 silly gunzTarPerm   436 ]
483 silly gunzTarPerm extractEntry templates/default/tmpl/members.tmpl
484 silly gunzTarPerm modified mode [ 'templates/default/tmpl/members.tmpl', 420, 436 ]
485 silly gunzTarPerm extractEntry templates/default/tmpl/augments.tmpl
486 silly gunzTarPerm modified mode [ 'templates/default/tmpl/augments.tmpl', 420, 436 ]
487 silly gunzTarPerm extractEntry templates/default/tmpl/details.tmpl
488 silly gunzTarPerm modified mode [ 'templates/default/tmpl/details.tmpl', 420, 436 ]
489 silly gunzTarPerm extractEntry templates/default/tmpl/example.tmpl
490 silly gunzTarPerm modified mode [ 'templates/default/tmpl/example.tmpl', 420, 436 ]
491 silly gunzTarPerm extractEntry templates/default/tmpl/examples.tmpl
492 silly gunzTarPerm modified mode [ 'templates/default/tmpl/examples.tmpl', 420, 436 ]
493 silly gunzTarPerm extractEntry templates/default/tmpl/exceptions.tmpl
494 silly gunzTarPerm modified mode [ 'templates/default/tmpl/exceptions.tmpl', 420, 436 ]
495 silly gunzTarPerm extractEntry templates/default/tmpl/layout.tmpl
496 silly gunzTarPerm modified mode [ 'templates/default/tmpl/layout.tmpl', 420, 436 ]
497 silly gunzTarPerm extractEntry templates/default/tmpl/mainpage.tmpl
498 silly gunzTarPerm modified mode [ 'templates/default/tmpl/mainpage.tmpl', 420, 436 ]
499 silly gunzTarPerm extractEntry templates/default/tmpl/container.tmpl
500 silly gunzTarPerm modified mode [ 'templates/default/tmpl/container.tmpl', 420, 436 ]
501 silly gunzTarPerm extractEntry templates/default/tmpl/method.tmpl
502 silly gunzTarPerm modified mode [ 'templates/default/tmpl/method.tmpl', 420, 436 ]
503 silly gunzTarPerm extractEntry templates/default/tmpl/params.tmpl
504 silly gunzTarPerm modified mode [ 'templates/default/tmpl/params.tmpl', 420, 436 ]
505 silly gunzTarPerm extractEntry templates/default/tmpl/properties.tmpl
506 silly gunzTarPerm modified mode [ 'templates/default/tmpl/properties.tmpl', 420, 436 ]
507 silly gunzTarPerm extractEntry templates/default/tmpl/returns.tmpl
508 silly gunzTarPerm modified mode [ 'templates/default/tmpl/returns.tmpl', 420, 436 ]
509 silly gunzTarPerm extractEntry templates/default/tmpl/source.tmpl
510 silly gunzTarPerm modified mode [ 'templates/default/tmpl/source.tmpl', 420, 436 ]
511 silly gunzTarPerm extractEntry templates/default/tmpl/tutorial.tmpl
512 silly gunzTarPerm modified mode [ 'templates/default/tmpl/tutorial.tmpl', 420, 436 ]
513 silly gunzTarPerm extractEntry templates/default/tmpl/type.tmpl
514 silly gunzTarPerm modified mode [ 'templates/default/tmpl/type.tmpl', 420, 436 ]
515 silly gunzTarPerm extractEntry templates/haruki/README.md
516 silly gunzTarPerm modified mode [ 'templates/haruki/README.md', 420, 436 ]
517 silly gunzTarPerm extractEntry templates/haruki/publish.js
518 silly gunzTarPerm modified mode [ 'templates/haruki/publish.js', 420, 436 ]
519 silly gunzTarPerm extractEntry templates/silent/README.md
520 silly gunzTarPerm modified mode [ 'templates/silent/README.md', 420, 436 ]
521 silly gunzTarPerm extractEntry templates/silent/publish.js
522 silly gunzTarPerm modified mode [ 'templates/silent/publish.js', 420, 436 ]
523 silly gunzTarPerm extractEntry plugins/commentConvert.js
524 silly gunzTarPerm modified mode [ 'plugins/commentConvert.js', 420, 436 ]
525 silly gunzTarPerm extractEntry plugins/escapeHtml.js
526 silly gunzTarPerm modified mode [ 'plugins/escapeHtml.js', 420, 436 ]
527 silly gunzTarPerm extractEntry plugins/eventDumper.js
528 silly gunzTarPerm modified mode [ 'plugins/eventDumper.js', 420, 436 ]
529 silly gunzTarPerm extractEntry plugins/markdown.js
530 silly gunzTarPerm modified mode [ 'plugins/markdown.js', 420, 436 ]
531 silly gunzTarPerm extractEntry plugins/overloadHelper.js
532 silly gunzTarPerm modified mode [ 'plugins/overloadHelper.js', 420, 436 ]
533 silly gunzTarPerm extractEntry plugins/commentsOnly.js
534 silly gunzTarPerm modified mode [ 'plugins/commentsOnly.js', 420, 436 ]
535 silly gunzTarPerm extractEntry plugins/railsTemplate.js
536 silly gunzTarPerm modified mode [ 'plugins/railsTemplate.js', 420, 436 ]
537 silly gunzTarPerm extractEntry plugins/shout.js
538 silly gunzTarPerm modified mode [ 'plugins/shout.js', 420, 436 ]
539 silly gunzTarPerm extractEntry plugins/sourcetag.js
540 silly gunzTarPerm modified mode [ 'plugins/sourcetag.js', 420, 436 ]
541 silly gunzTarPerm extractEntry plugins/summarize.js
542 silly gunzTarPerm modified mode [ 'plugins/summarize.js', 420, 436 ]
543 silly gunzTarPerm extractEntry plugins/underscore.js
544 silly gunzTarPerm modified mode [ 'plugins/underscore.js', 420, 436 ]
545 silly gunzTarPerm extractEntry plugins/partial.js
546 silly gunzTarPerm modified mode [ 'plugins/partial.js', 420, 436 ]
547 silly gunzTarPerm extractEntry plugins/test/fixtures/markdown.js
548 silly gunzTarPerm modified mode [ 'plugins/test/fixtures/markdown.js', 420, 436 ]
549 silly gunzTarPerm extractEntry plugins/test/fixtures/overloadHelper.js
550 silly gunzTarPerm modified mode [ 'plugins/test/fixtures/overloadHelper.js', 420, 436 ]
551 silly gunzTarPerm extractEntry plugins/test/fixtures/underscore.js
552 silly gunzTarPerm modified mode [ 'plugins/test/fixtures/underscore.js', 420, 436 ]
553 silly gunzTarPerm extractEntry plugins/test/fixtures/railsTemplate.js.erb
554 silly gunzTarPerm modified mode [ 'plugins/test/fixtures/railsTemplate.js.erb', 420, 436 ]
555 silly gunzTarPerm extractEntry plugins/test/specs/commentConvert.js
556 silly gunzTarPerm modified mode [ 'plugins/test/specs/commentConvert.js', 420, 436 ]
557 silly gunzTarPerm extractEntry plugins/test/specs/escapeHtml.js
558 silly gunzTarPerm modified mode [ 'plugins/test/specs/escapeHtml.js', 420, 436 ]
559 silly gunzTarPerm extractEntry plugins/test/specs/markdown.js
560 silly gunzTarPerm modified mode [ 'plugins/test/specs/markdown.js', 420, 436 ]
561 silly gunzTarPerm extractEntry plugins/test/specs/overloadHelper.js
562 silly gunzTarPerm modified mode [ 'plugins/test/specs/overloadHelper.js', 420, 436 ]
563 silly gunzTarPerm extractEntry plugins/test/specs/railsTemplate.js
564 silly gunzTarPerm modified mode [ 'plugins/test/specs/railsTemplate.js', 420, 436 ]
565 silly gunzTarPerm extractEntry plugins/test/specs/shout.js
566 silly gunzTarPerm modified mode [ 'plugins/test/specs/shout.js', 420, 436 ]
567 silly gunzTarPerm extractEntry plugins/test/specs/sourcetag.js
568 silly gunzTarPerm modified mode [ 'plugins/test/specs/sourcetag.js', 420, 436 ]
569 silly gunzTarPerm extractEntry plugins/test/specs/summarize.js
570 silly gunzTarPerm modified mode [ 'plugins/test/specs/summarize.js', 420, 436 ]
571 silly gunzTarPerm extractEntry plugins/test/specs/underscore.js
572 silly gunzTarPerm modified mode [ 'plugins/test/specs/underscore.js', 420, 436 ]
573 silly gentlyRm /home/patterson/jalangi2/node_modules/.staging/jsdoc-01222a98/node_modules is being purged
574 verbose gentlyRm don't care about contents; nuking /home/patterson/jalangi2/node_modules/.staging/jsdoc-01222a98/node_modules
575 silly doParallel preinstall 4
576 silly preinstall disect@1.1.1 /home/patterson/jalangi2/node_modules/.staging/disect-a99e8e85
577 info lifecycle disect@1.1.1~preinstall: disect@1.1.1
578 silly preinstall tokenizer@1.1.2 /home/patterson/jalangi2/node_modules/.staging/tokenizer-827fa449
579 info lifecycle tokenizer@1.1.2~preinstall: tokenizer@1.1.2
580 silly preinstall jsdoc@3.4.3 /home/patterson/jalangi2/node_modules/.staging/jsdoc-01222a98
581 info lifecycle jsdoc@3.4.3~preinstall: jsdoc@3.4.3
582 silly preinstall json-tokenizer@1.0.1 /home/patterson/jalangi2/node_modules/.staging/json-tokenizer-580b4a6d
583 info lifecycle json-tokenizer@1.0.1~preinstall: json-tokenizer@1.0.1
584 silly lifecycle disect@1.1.1~preinstall: no script for preinstall, continuing
585 silly lifecycle tokenizer@1.1.2~preinstall: no script for preinstall, continuing
586 silly lifecycle jsdoc@3.4.3~preinstall: no script for preinstall, continuing
587 silly lifecycle json-tokenizer@1.0.1~preinstall: no script for preinstall, continuing
588 silly doReverseSerial remove 0
589 silly doSerial move 0
590 silly doSerial finalize 4
591 silly finalize /home/patterson/jalangi2/node_modules/disect
592 silly finalize /home/patterson/jalangi2/node_modules/tokenizer
593 silly finalize /home/patterson/jalangi2/node_modules/jsdoc
594 verbose unlock done using /home/patterson/.npm/_locks/staging-3eb31448d1e03ff6.lock for /home/patterson/jalangi2/node_modules/.staging
595 silly rollbackFailedOptional Starting
596 silly rollbackFailedOptional Finishing
597 silly runTopLevelLifecycles Starting
598 silly runTopLevelLifecycles Finishing
599 silly install printInstalled
600 verbose stack Error: EACCES: permission denied, rename '/home/patterson/jalangi2/node_modules/.jsdoc.DELETE/node_modules/.bin' -> '/home/patterson/jalangi2/node_modules/jsdoc/node_modules/.bin'
600 verbose stack     at /usr/share/npm/lib/install/action/finalize.js:64:7
600 verbose stack     at /usr/share/npm/node_modules/slide/lib/async-map.js:52:35
600 verbose stack     at Array.forEach (native)
600 verbose stack     at /usr/share/npm/node_modules/slide/lib/async-map.js:52:11
600 verbose stack     at Array.forEach (native)
600 verbose stack     at asyncMap (/usr/share/npm/node_modules/slide/lib/async-map.js:51:8)
600 verbose stack     at moveModules (/usr/share/npm/lib/install/action/finalize.js:61:5)
600 verbose stack     at /usr/share/npm/lib/install/action/finalize.js:56:70
600 verbose stack     at /usr/share/npm/node_modules/mkdirp/index.js:30:20
600 verbose stack     at FSReqWrap.oncomplete (fs.js:82:15)
600 verbose stack
600 verbose stack Error: EACCES: permission denied, rename '/home/patterson/jalangi2/node_modules/.jsdoc.DELETE/node_modules/.bin' -> '/home/patterson/jalangi2/node_modules/jsdoc/node_modules/.bin'
600 verbose stack     at Error (native)
601 verbose cwd /home/patterson/jalangi2
602 error Linux 4.4.0-72-generic
603 error argv "/usr/bin/nodejs" "/usr/bin/npm" "install" "--save" "json-tokenizer"
604 error node v4.2.6
605 error npm  v3.5.2
606 error path /home/patterson/jalangi2/node_modules/.jsdoc.DELETE/node_modules/.bin
607 error code EACCES
608 error errno -13
609 error syscall rename
610 error Error: EACCES: permission denied, rename '/home/patterson/jalangi2/node_modules/.jsdoc.DELETE/node_modules/.bin' -> '/home/patterson/jalangi2/node_modules/jsdoc/node_modules/.bin'
610 error     at /usr/share/npm/lib/install/action/finalize.js:64:7
610 error     at /usr/share/npm/node_modules/slide/lib/async-map.js:52:35
610 error     at Array.forEach (native)
610 error     at /usr/share/npm/node_modules/slide/lib/async-map.js:52:11
610 error     at Array.forEach (native)
610 error     at asyncMap (/usr/share/npm/node_modules/slide/lib/async-map.js:51:8)
610 error     at moveModules (/usr/share/npm/lib/install/action/finalize.js:61:5)
610 error     at /usr/share/npm/lib/install/action/finalize.js:56:70
610 error     at /usr/share/npm/node_modules/mkdirp/index.js:30:20
610 error     at FSReqWrap.oncomplete (fs.js:82:15)
610 error
610 error Error: EACCES: permission denied, rename '/home/patterson/jalangi2/node_modules/.jsdoc.DELETE/node_modules/.bin' -> '/home/patterson/jalangi2/node_modules/jsdoc/node_modules/.bin'
610 error     at Error (native)
610 error  { [Error: EACCES: permission denied, rename '/home/patterson/jalangi2/node_modules/.jsdoc.DELETE/node_modules/.bin' -> '/home/patterson/jalangi2/node_modules/jsdoc/node_modules/.bin'] parent: 'jalangi2' }
611 error Please try running this command again as root/Administrator.
612 verbose exit [ -13, true ]
